2017-10-01 13:04:55 TRACE root:10 - trace message
2017-10-01 13:04:55 INFO  root:11 - info message
2017-10-01 13:07:05 TRACE root:10 - trace message
2017-10-01 13:07:05 DEBUG root:11 - debug message
2017-10-01 13:07:05 INFO  root:12 - info message
2017-10-01 13:07:05 WARN  root:13 - warning message
2017-10-01 13:07:05 ERROR root:14 - error message
2017-10-01 13:07:05 FATAL root:15 - fatal message
2017-10-01 13:07:25 DEBUG root:11 - debug message
2017-10-01 13:07:25 INFO  root:12 - info message
2017-10-01 13:07:25 WARN  root:13 - warning message
2017-10-01 13:07:25 ERROR root:14 - error message
2017-10-01 13:07:25 FATAL root:15 - fatal message
2017-10-01 13:07:27 DEBUG root:11 - debug message
2017-10-01 13:07:27 INFO  root:12 - info message
2017-10-01 13:07:27 WARN  root:13 - warning message
2017-10-01 13:07:27 ERROR root:14 - error message
2017-10-01 13:07:27 FATAL root:15 - fatal message
2017-10-01 13:07:52 DEBUG root:11 - debug message
2017-10-01 13:07:52 INFO  root:12 - info message
2017-10-01 13:07:52 WARN  root:13 - warning message
2017-10-01 13:07:52 ERROR root:14 - error message
2017-10-01 13:07:52 FATAL root:15 - fatal message
2017-10-01 13:08:22 TRACE root:10 - trace message
2017-10-01 13:08:22 DEBUG root:11 - debug message
2017-10-01 13:08:22 INFO  root:12 - info message
2017-10-01 13:08:22 WARN  root:13 - warning message
2017-10-01 13:08:22 ERROR root:14 - error message
2017-10-01 13:08:22 FATAL root:15 - fatal message
2017-10-01 13:08:50 DEBUG root:11 - debug message
2017-10-01 13:08:50 INFO  root:12 - info message
2017-10-01 13:08:50 WARN  root:13 - warning message
2017-10-01 13:08:50 ERROR root:14 - error message
2017-10-01 13:08:50 FATAL root:15 - fatal message
2017-10-01 13:09:03 INFO  root:12 - info message
2017-10-01 13:09:03 WARN  root:13 - warning message
2017-10-01 13:09:03 ERROR root:14 - error message
2017-10-01 13:09:03 FATAL root:15 - fatal message
2017-10-01 13:09:16 WARN  root:13 - warning message
2017-10-01 13:09:16 ERROR root:14 - error message
2017-10-01 13:09:16 FATAL root:15 - fatal message
2017-10-01 13:09:33 ERROR root:14 - error message
2017-10-01 13:09:33 FATAL root:15 - fatal message
2017-10-01 13:09:46 FATAL root:15 - fatal message
2017-10-01 13:10:01 TRACE root:10 - trace message
2017-10-01 13:10:01 DEBUG root:11 - debug message
2017-10-01 13:10:01 INFO  root:12 - info message
2017-10-01 13:10:01 WARN  root:13 - warning message
2017-10-01 13:10:01 ERROR root:14 - error message
2017-10-01 13:10:01 FATAL root:15 - fatal message
